<?xml version="1.0" encoding="UTF-8"?>
<!-- Generated by org.testng.reporters.JUnitReportReporter -->
<testsuite hostname="Manivelrajan-PC" name="TestScripts.test" tests="1" failures="0" timestamp="10 May 2017 10:23:48 GMT" time="0.046" errors="0">
  <testcase name="main" time="0.046" classname="TestScripts.test"/>
</testsuite> <!-- TestScripts.test -->
