<?xml version="1.0" encoding="UTF-8"?>
<!-- Generated by org.testng.reporters.JUnitReportReporter -->
<testsuite hostname="Manivelrajan-PC" name="TestScripts.jibe_general_Open2" tests="1" failures="0" timestamp="15 Mar 2016 10:06:53 GMT" time="6.749" errors="0">
  <testcase name="main" time="6.749" classname="TestScripts.jibe_general_Open2"/>
</testsuite> <!-- TestScripts.jibe_general_Open2 -->
