<?xml version="1.0" encoding="UTF-8"?>
<!-- Generated by org.testng.reporters.JUnitReportReporter -->
<testsuite hostname="Manivelrajan-PC" name="TestScripts.a" tests="1" failures="0" timestamp="15 Mar 2016 10:30:31 GMT" time="4.057" errors="0">
  <testcase name="main" time="4.057" classname="TestScripts.a"/>
</testsuite> <!-- TestScripts.a -->
