<?xml version="1.0" encoding="UTF-8"?>
<!-- Generated by org.testng.reporters.JUnitReportReporter -->
<testsuite hostname="Manivelrajan-PC" name="TestScripts.jibe_general_Login2" tests="1" failures="0" timestamp="17 Mar 2016 07:17:25 GMT" time="38.662" errors="0">
  <testcase name="main" time="38.662" classname="TestScripts.jibe_general_Login2"/>
</testsuite> <!-- TestScripts.jibe_general_Login2 -->
